{"logTime": "0524/065532", "correlationVector":"xHMd0Mv24LUWOIebBrr0Ts","action":"Initial GetUpdates", "result":"", "context":Reason: NEWLY_SUPPORTED_DATATYPE. cV=xHMd0Mv24LUWOIebBrr0Ts}
{"logTime": "0524/065533", "correlationVector":"xHMd0Mv24LUWOIebBrr0Ts.1","action":"SyncServerConnectionManagerRequest", "result":"SYNC_SERVER_OK", "context":{"environment":"Prod_southeastasia_prod-s01-065-apac-southeastasia", "migrationStage":"NotStarted", "server":"akswtt00800000a"}}
{"logTime": "0524/065533", "correlationVector":"xHMd0Mv24LUWOIebBrr0Ts.2","action":"ProcessGetUpdates", "result":"Done", "context":{"dataType":"History", "deleted":"0", "process_failed_to_decrypt":"0", "process_pending_decryption":"0", "process_success":"250", "total":"250"}}
{"logTime": "0524/065533", "correlationVector":"xHMd0Mv24LUWOIebBrr0Ts.3","action":"GetUpdates Response", "result":"Success", "context":Received 250 update(s). cV=xHMd0Mv24LUWOIebBrr0Ts.0;server=akswtt00800000a;cloudType=Consumer;environment=Prod_southeastasia_prod-s01-065-apac-southeastasia;migrationStage=NotStarted Some updates remain.}
{"logTime": "0524/065533", "correlationVector":"Xl67CjlpsJBel8Ih1poGnt","action":"Initial GetUpdates", "result":"", "context":Reason: NEWLY_SUPPORTED_DATATYPE. cV=Xl67CjlpsJBel8Ih1poGnt}
{"logTime": "0524/065534", "correlationVector":"Xl67CjlpsJBel8Ih1poGnt.1","action":"SyncServerConnectionManagerRequest", "result":"SYNC_SERVER_OK", "context":{"environment":"Prod_southeastasia_prod-s01-065-apac-southeastasia", "migrationStage":"NotStarted", "server":"akswtt008000010"}}
{"logTime": "0524/065534", "correlationVector":"Xl67CjlpsJBel8Ih1poGnt.2","action":"ProcessGetUpdates", "result":"Done", "context":{"dataType":"History", "deleted":"0", "process_failed_to_decrypt":"0", "process_pending_decryption":"0", "process_success":"250", "total":"250"}}
{"logTime": "0524/065534", "correlationVector":"Xl67CjlpsJBel8Ih1poGnt.3","action":"GetUpdates Response", "result":"Success", "context":Received 250 update(s). cV=Xl67CjlpsJBel8Ih1poGnt.0;server=akswtt008000010;cloudType=Consumer;environment=Prod_southeastasia_prod-s01-065-apac-southeastasia;migrationStage=NotStarted Some updates remain.}
{"logTime": "0524/065534", "correlationVector":"FQK0kZyfrN04rMstWwzatJ","action":"Initial GetUpdates", "result":"", "context":Reason: NEWLY_SUPPORTED_DATATYPE. cV=FQK0kZyfrN04rMstWwzatJ}
{"logTime": "0524/065534", "correlationVector":"FQK0kZyfrN04rMstWwzatJ.1","action":"SyncServerConnectionManagerRequest", "result":"SYNC_SERVER_OK", "context":{"environment":"Prod_southeastasia_prod-s01-065-apac-southeastasia", "migrationStage":"NotStarted", "server":"akswtt00800001v"}}
{"logTime": "0524/065534", "correlationVector":"FQK0kZyfrN04rMstWwzatJ.2","action":"ProcessGetUpdates", "result":"Done", "context":{"dataType":"History", "deleted":"0", "process_failed_to_decrypt":"0", "process_pending_decryption":"0", "process_success":"250", "total":"250"}}
{"logTime": "0524/065534", "correlationVector":"FQK0kZyfrN04rMstWwzatJ.3","action":"GetUpdates Response", "result":"Success", "context":Received 250 update(s). cV=FQK0kZyfrN04rMstWwzatJ.0;server=akswtt00800001v;cloudType=Consumer;environment=Prod_southeastasia_prod-s01-065-apac-southeastasia;migrationStage=NotStarted Some updates remain.}
{"logTime": "0524/065534", "correlationVector":"Sng6VccFkY1A33TjLLoUDD","action":"Initial GetUpdates", "result":"", "context":Reason: NEWLY_SUPPORTED_DATATYPE. cV=Sng6VccFkY1A33TjLLoUDD}
{"logTime": "0524/065535", "correlationVector":"Sng6VccFkY1A33TjLLoUDD.1","action":"SyncServerConnectionManagerRequest", "result":"SYNC_SERVER_OK", "context":{"environment":"Prod_southeastasia_prod-s01-065-apac-southeastasia", "migrationStage":"NotStarted", "server":"akswtt008000028"}}
{"logTime": "0524/065535", "correlationVector":"Sng6VccFkY1A33TjLLoUDD.2","action":"ProcessGetUpdates", "result":"Done", "context":{"dataType":"History", "deleted":"0", "process_failed_to_decrypt":"0", "process_pending_decryption":"0", "process_success":"250", "total":"250"}}
{"logTime": "0524/065535", "correlationVector":"Sng6VccFkY1A33TjLLoUDD.3","action":"GetUpdates Response", "result":"Success", "context":Received 250 update(s). cV=Sng6VccFkY1A33TjLLoUDD.0;server=akswtt008000028;cloudType=Consumer;environment=Prod_southeastasia_prod-s01-065-apac-southeastasia;migrationStage=NotStarted Some updates remain.}
{"logTime": "0524/065535", "correlationVector":"uDjP6wiMKTSNUy5PAEfUV1","action":"Initial GetUpdates", "result":"", "context":Reason: NEWLY_SUPPORTED_DATATYPE. cV=uDjP6wiMKTSNUy5PAEfUV1}
{"logTime": "0524/065535", "correlationVector":"uDjP6wiMKTSNUy5PAEfUV1.1","action":"SyncServerConnectionManagerRequest", "result":"SYNC_SERVER_OK", "context":{"environment":"Prod_southeastasia_prod-s01-065-apac-southeastasia", "migrationStage":"NotStarted", "server":"akswtt00800001w"}}
{"logTime": "0524/065535", "correlationVector":"uDjP6wiMKTSNUy5PAEfUV1.2","action":"ProcessGetUpdates", "result":"Done", "context":{"dataType":"History", "deleted":"0", "process_failed_to_decrypt":"0", "process_pending_decryption":"0", "process_success":"196", "total":"196"}}
{"logTime": "0524/065535", "correlationVector":"uDjP6wiMKTSNUy5PAEfUV1.3","action":"GetUpdates Response", "result":"Success", "context":Received 196 update(s). cV=uDjP6wiMKTSNUy5PAEfUV1.0;server=akswtt00800001w;cloudType=Consumer;environment=Prod_southeastasia_prod-s01-065-apac-southeastasia;migrationStage=NotStarted}
{"logTime": "0524/065535", "correlationVector":"hj4qa7YOjgT6r99gDmlFEA","action":"Normal GetUpdate request", "result":"", "context":cV=hj4qa7YOjgT6r99gDmlFEA
Nudged types: Preferences, Passwords, Sessions, Device Info
Refresh requested types: Bookmarks, Preferences, Passwords, Autofill Profiles, Autofill, Extensions, Sessions, Extension settings, History Delete Directives, Device Info, User Consents, Send Tab To Self, Web Apps, History, Saved Tab Group, Collection, Edge E Drop, Edge Hub App Usage, Edge Tab Group, Edge Wallet, Encryption Keys}
{"logTime": "0524/065535", "correlationVector":"hj4qa7YOjgT6r99gDmlFEA.1","action":"SyncServerConnectionManagerRequest", "result":"SYNC_SERVER_OK", "context":{"environment":"Prod_southeastasia_prod-s01-065-apac-southeastasia", "migrationStage":"NotStarted", "server":"akswtt00800000v"}}
{"logTime": "0524/065535", "correlationVector":"hj4qa7YOjgT6r99gDmlFEA.2","action":"ProcessGetUpdates", "result":"Done", "context":{"dataType":"Bookmarks", "deleted":"0", "process_failed_to_decrypt":"0", "process_pending_decryption":"0", "process_success":"1", "total":"1"}}
{"logTime": "0524/065535", "correlationVector":"hj4qa7YOjgT6r99gDmlFEA.3","action":"ProcessGetUpdates", "result":"Done", "context":{"dataType":"Preferences", "deleted":"0", "process_failed_to_decrypt":"0", "process_pending_decryption":"0", "process_success":"5", "total":"5"}}
{"logTime": "0524/065535", "correlationVector":"hj4qa7YOjgT6r99gDmlFEA.4","action":"ProcessGetUpdates", "result":"Done", "context":{"dataType":"Device Info", "deleted":"0", "process_failed_to_decrypt":"0", "process_pending_decryption":"0", "process_success":"1", "total":"1"}}
{"logTime": "0524/065535", "correlationVector":"hj4qa7YOjgT6r99gDmlFEA.5","action":"GetUpdates Response", "result":"Success", "context":Received 7 update(s). cV=hj4qa7YOjgT6r99gDmlFEA.0;server=akswtt00800000v;cloudType=Consumer;environment=Prod_southeastasia_prod-s01-065-apac-southeastasia;migrationStage=NotStarted}
{"logTime": "0524/065535", "correlationVector":"OOQs3gS+HrWBsMUd4BL6yw","action":"Commit Request", "result":"", "context":Item count: 40
Contributing types: Passwords}
{"logTime": "0524/065537", "correlationVector":"OOQs3gS+HrWBsMUd4BL6yw.1","action":"SyncServerConnectionManagerRequest", "result":"SYNC_SERVER_OK", "context":{"environment":"Prod_southeastasia_prod-s01-065-apac-southeastasia", "migrationStage":"NotStarted", "server":"akswtt00800001d"}}
{"logTime": "0524/065537", "correlationVector":"OOQs3gS+HrWBsMUd4BL6yw.2","action":"Commit Response", "result":"Success", "context":Result: Success. cV=OOQs3gS+HrWBsMUd4BL6yw.0;server=akswtt00800001d;cloudType=Consumer;environment=Prod_southeastasia_prod-s01-065-apac-southeastasia;migrationStage=NotStarted}
{"logTime": "0524/065537", "correlationVector":"AQDKvUalz9qcMXXMohAJfl","action":"Commit Request", "result":"", "context":Item count: 40
Contributing types: Passwords}
{"logTime": "0524/065539", "correlationVector":"AQDKvUalz9qcMXXMohAJfl.1","action":"SyncServerConnectionManagerRequest", "result":"SYNC_SERVER_OK", "context":{"environment":"Prod_southeastasia_prod-s01-065-apac-southeastasia", "migrationStage":"NotStarted", "server":"akswtt00800003s"}}
{"logTime": "0524/065539", "correlationVector":"AQDKvUalz9qcMXXMohAJfl.2","action":"Commit Response", "result":"Success", "context":Result: Success. cV=AQDKvUalz9qcMXXMohAJfl.0;server=akswtt00800003s;cloudType=Consumer;environment=Prod_southeastasia_prod-s01-065-apac-southeastasia;migrationStage=NotStarted}
{"logTime": "0524/065539", "correlationVector":"1WhxMVsYr4K7tBp6oT//+/","action":"Commit Request", "result":"", "context":Item count: 40
Contributing types: Passwords}
{"logTime": "0524/065541", "correlationVector":"1WhxMVsYr4K7tBp6oT//+/.1","action":"SyncServerConnectionManagerRequest", "result":"SYNC_SERVER_OK", "context":{"environment":"Prod_southeastasia_prod-s01-065-apac-southeastasia", "migrationStage":"NotStarted", "server":"akswtt00800002j"}}
{"logTime": "0524/065541", "correlationVector":"1WhxMVsYr4K7tBp6oT//+/.2","action":"Commit Response", "result":"Success", "context":Result: Success. cV=1WhxMVsYr4K7tBp6oT//+/.0;server=akswtt00800002j;cloudType=Consumer;environment=Prod_southeastasia_prod-s01-065-apac-southeastasia;migrationStage=NotStarted}
{"logTime": "0524/065541", "correlationVector":"fB25yrSDRx6TQfwUX+j1ym","action":"Commit Request", "result":"", "context":Item count: 12
Contributing types: Passwords, Sessions, Device Info}
{"logTime": "0524/065541", "correlationVector":"fB25yrSDRx6TQfwUX+j1ym.1","action":"SyncServerConnectionManagerRequest", "result":"SYNC_SERVER_OK", "context":{"environment":"Prod_southeastasia_prod-s01-065-apac-southeastasia", "migrationStage":"NotStarted", "server":"akswtt00800000j"}}
{"logTime": "0524/065541", "correlationVector":"fB25yrSDRx6TQfwUX+j1ym.2","action":"Commit Response", "result":"Success", "context":Result: Success. cV=fB25yrSDRx6TQfwUX+j1ym.0;server=akswtt00800000j;cloudType=Consumer;environment=Prod_southeastasia_prod-s01-065-apac-southeastasia;migrationStage=NotStarted}
{"logTime": "0524/065541", "correlationVector":"9K0S2kJWERHe4rnRjwY6N7","action":"Poll GetUpdate request", "result":"", "context":cV=9K0S2kJWERHe4rnRjwY6N7}
{"logTime": "0524/065543", "correlationVector":"9K0S2kJWERHe4rnRjwY6N7.1","action":"SyncServerConnectionManagerRequest", "result":"SYNC_SERVER_OK", "context":{"environment":"Prod_southeastasia_prod-s01-065-apac-southeastasia", "migrationStage":"NotStarted", "server":"akswtt00800001r"}}
{"logTime": "0524/065543", "correlationVector":"9K0S2kJWERHe4rnRjwY6N7.2","action":"ProcessGetUpdates", "result":"Done", "context":{"dataType":"Passwords", "deleted":"0", "process_failed_to_decrypt":"0", "process_pending_decryption":"0", "process_success":"129", "total":"129"}}
{"logTime": "0524/065543", "correlationVector":"9K0S2kJWERHe4rnRjwY6N7.3","action":"ProcessGetUpdates", "result":"Done", "context":{"dataType":"Sessions", "deleted":"0", "process_failed_to_decrypt":"0", "process_pending_decryption":"0", "process_success":"2", "total":"2"}}
{"logTime": "0524/065543", "correlationVector":"9K0S2kJWERHe4rnRjwY6N7.4","action":"ProcessGetUpdates", "result":"Done", "context":{"dataType":"Device Info", "deleted":"0", "process_failed_to_decrypt":"0", "process_pending_decryption":"0", "process_success":"1", "total":"1"}}
{"logTime": "0524/065543", "correlationVector":"9K0S2kJWERHe4rnRjwY6N7.5","action":"GetUpdates Response", "result":"Success", "context":Received 132 update(s). cV=9K0S2kJWERHe4rnRjwY6N7.0;server=akswtt00800001r;cloudType=Consumer;environment=Prod_southeastasia_prod-s01-065-apac-southeastasia;migrationStage=NotStarted}
{"logTime": "0524/065543", "correlationVector":"ZBOWaFKWp5JGEQI961pBrT","action":"DoCompareDataConsistency requsted types: ", "result":"Bookmarks, Preferences, Passwords, Extensions, Extension settings, History Delete Directives, Send Tab To Self, Web Apps, History, Saved Tab Group, Collection, Edge E Drop, Edge Tab Group, Edge Wallet, Encryption Keys"}
{"logTime": "0524/065543", "correlationVector":"ZBOWaFKWp5JGEQI961pBrT.0","action":"CompareDataConsistency result: ", "result":"Compare result: Encryption Keys is consistent. local entities count is: 1 local entities hash is: GYlZRubWGF5Yje5XSuISiG5NCMM="}
{"logTime": "0524/065543", "correlationVector":"ZBOWaFKWp5JGEQI961pBrT.1","action":"CompareDataConsistency result: ", "result":"Compare result: Bookmarks is consistent. local entities count is: 108 local entities hash is: aX5dY6NupWRyXOoz/PHR1kLGG/w="}
{"logTime": "0524/065543", "correlationVector":"ZBOWaFKWp5JGEQI961pBrT.2","action":"CompareDataConsistency result: ", "result":"Compare result: Preferences is consistent. local entities count is: 109 local entities hash is: Xbo+hnhkNxboRnErBqSmfwz84WU="}
{"logTime": "0524/065543", "correlationVector":"ZBOWaFKWp5JGEQI961pBrT.3","action":"CompareDataConsistency result: ", "result":"Compare result: Extensions is consistent. local entities count is: 11 local entities hash is: aSo56UAWgrLsZs/NNrJDHWpJDow="}
{"logTime": "0524/065543", "correlationVector":"ZBOWaFKWp5JGEQI961pBrT.4","action":"CompareDataConsistency result: ", "result":"Compare result: Extension settings is consistent. local entities count is: 30 local entities hash is: PzcLp/zVIFlxzLUYjAgc2UPnKD4="}
{"logTime": "0524/065543", "correlationVector":"ZBOWaFKWp5JGEQI961pBrT.5","action":"CompareDataConsistency result: ", "result":"Compare result: History Delete Directives is consistent. local entities count is: 0 local entities hash is: "}
{"logTime": "0524/065543", "correlationVector":"ZBOWaFKWp5JGEQI961pBrT.6","action":"CompareDataConsistency result: ", "result":"Server did not send this Send Tab To Self local entities count is: 0 local entities hash is: "}
{"logTime": "0524/065543", "correlationVector":"ZBOWaFKWp5JGEQI961pBrT.7","action":"CompareDataConsistency result: ", "result":"Compare result: Web Apps is consistent. local entities count is: 0 local entities hash is: "}
{"logTime": "0524/065543", "correlationVector":"ZBOWaFKWp5JGEQI961pBrT.8","action":"CompareDataConsistency result: ", "result":"Server did not send this History local entities count is: 0 local entities hash is: "}
{"logTime": "0524/065543", "correlationVector":"ZBOWaFKWp5JGEQI961pBrT.9","action":"CompareDataConsistency result: ", "result":"Compare result: Saved Tab Group is consistent. local entities count is: 0 local entities hash is: "}
{"logTime": "0524/065543", "correlationVector":"ZBOWaFKWp5JGEQI961pBrT.10","action":"CompareDataConsistency result: ", "result":"Compare result: Collection is consistent. local entities count is: 0 local entities hash is: "}
{"logTime": "0524/065543", "correlationVector":"ZBOWaFKWp5JGEQI961pBrT.11","action":"CompareDataConsistency result: ", "result":"Compare result: Edge E Drop is consistent. local entities count is: 0 local entities hash is: "}
{"logTime": "0524/065543", "correlationVector":"ZBOWaFKWp5JGEQI961pBrT.12","action":"CompareDataConsistency result: ", "result":"Compare result: Edge Tab Group is consistent. local entities count is: 0 local entities hash is: "}
{"logTime": "0524/065543", "correlationVector":"ZBOWaFKWp5JGEQI961pBrT.13","action":"CompareDataConsistency result: ", "result":"Compare result: Edge Wallet is consistent. local entities count is: 0 local entities hash is: "}
{"logTime": "0524/065543", "correlationVector":"ZBOWaFKWp5JGEQI961pBrT.14","action":"CompareDataConsistency result: ", "result":"Compare result: Passwords is consistent. local entities count is: 139 local entities hash is: WZoS/9uQy8r27PZ1MEd0Eib8n6Y="}
{"logTime": "0524/065543", "correlationVector":"","action":"DIAGNOSTIC_REQUEST|v1/diagnosticData/Diagnostic.SendCheckResult()|SUCCESS", "result":""}
{"logTime": "0524/065818", "correlationVector":"F0HXj/p9Q3VZYm2Gf/jfkG.1","action":"SyncServerConnectionManagerRequest", "result":"SYNC_SERVER_OK", "context":{"environment":"Prod_southeastasia_prod-s01-065-apac-southeastasia", "migrationStage":"NotStarted", "server":"akswtt008000019"}}
{"logTime": "0524/065818", "correlationVector":"F0HXj/p9Q3VZYm2Gf/jfkG.2","action":"ProcessGetUpdates", "result":"Done", "context":{"dataType":"Encryption Keys", "deleted":"0", "process_failed_to_decrypt":"0", "process_pending_decryption":"0", "process_success":"1", "total":"1"}}
{"logTime": "0524/065819", "correlationVector":"Ki5iMhHx37OKVcLQujVCsB","action":"SyncServerConnectionManagerRequest", "result":"SYNC_SERVER_OK", "context":{"environment":"", "migrationStage":"", "server":""}}
{"logTime": "0524/065819", "correlationVector":"Ki5iMhHx37OKVcLQujVCsB.0","action":"EncryptionKeysFetcher.DownloadKeys:", "result":"Success", "context":Key count: 7, Last key timestamp: 2025-02-07T08:10:59Z}
{"logTime": "0524/065819", "correlationVector":"Ki5iMhHx37OKVcLQujVCsB.1","action":"EncryptionKeysManager::SetEncryptionKeys:", "result":"Success", "context":Key names[7]:[wwJNYRQYvYJGh4DvEZkbgAMkpG2vBAIaEwMQsHLLcL3a3QLaGcRxovxlfwsiKwK6sQkyt5KcDjCZFJZQZFF6og==][SM5MvyMS5sOV8BHJuzDtKTHHkhKpa34X/zCTf7E8hJVm7p4kdP8bUrv6ir4XleoBytJl9Ci/QlmVPVYdeO0olg==][FFL7ZyTBPRgJjm9MNBRl5ettFMwH4cjzCPS8H9iwk4nVVTnh1oDtwQQGONfKVApxkbxnBWXlluqmdSw4iPA9vQ==][6L3eTsrK1Y6SbG7EJs9rhi7NFa5LrgLcuYkgUvIs0ThOeygtvxkiigsutEnsF/EX3rwnWb9qvBAOsFBOMJU83g==][B+U5lhbgeVd/WyZt0ljdIUl7XcdMVngy0LMiOGPrI3kvskI+bwbPK+H7RIZ37cg/NCz6/5Lgj/q5zxm9iYWGfQ==][ewafRZG6/6gEq1PhyvKUFFwUdjOoQs/bJefPcVswQKiNTTZ/sDOw8nUzV7krbRfgemKAwEQKPnPD4tE3sx/+2w==][vN2VfhqiN/SswS9tiSDUKIxgW/15NGvLTReZcbgvB5pvsKdV/rVMsVXI+VDMwKWk9QqM8Fqntrx/B9SURpCsrg==]}
{"logTime": "0524/065819", "correlationVector":"Ki5iMhHx37OKVcLQujVCsB.2","action":"EncryptionKeysManager::SetEncryptionKeysWithTimestamps:", "result":"Success", "context":Key timestamps[7]:[2022-07-11T11:44:19Z][2023-01-12T06:40:11Z][2023-02-15T13:38:11Z][2023-08-15T04:57:13Z][2024-02-11T06:40:16Z][2024-08-09T11:56:02Z][2025-02-07T08:10:59Z]}
{"logTime": "0524/065819", "correlationVector":"F0HXj/p9Q3VZYm2Gf/jfkG","action":"Initial GetUpdates", "result":"", "context":Reason: NEW_CLIENT. cV=F0HXj/p9Q3VZYm2Gf/jfkG}
{"logTime": "0524/065819", "correlationVector":"F0HXj/p9Q3VZYm2Gf/jfkG.3","action":"GetUpdates Response", "result":"Success", "context":Received 1 update(s). cV=F0HXj/p9Q3VZYm2Gf/jfkG.0;server=akswtt008000019;cloudType=Consumer;environment=Prod_southeastasia_prod-s01-065-apac-southeastasia;migrationStage=NotStarted}
{"logTime": "0524/065819", "correlationVector":"TfQqHVEkcaUieKANpW8CAG","action":"Initial GetUpdates", "result":"", "context":Reason: NEWLY_SUPPORTED_DATATYPE. cV=TfQqHVEkcaUieKANpW8CAG}
{"logTime": "0524/065819", "correlationVector":"TfQqHVEkcaUieKANpW8CAG.1","action":"SyncServerConnectionManagerRequest", "result":"SYNC_SERVER_OK", "context":{"environment":"Prod_southeastasia_prod-s01-065-apac-southeastasia", "migrationStage":"NotStarted", "server":"akswtt008000016"}}
{"logTime": "0524/065819", "correlationVector":"TfQqHVEkcaUieKANpW8CAG.2","action":"ProcessGetUpdates", "result":"Done", "context":{"dataType":"Passwords", "deleted":"14", "process_failed_to_decrypt":"0", "process_pending_decryption":"0", "process_success":"153", "total":"153"}}
{"logTime": "0524/065819", "correlationVector":"TfQqHVEkcaUieKANpW8CAG.3","action":"GetUpdates Response", "result":"Success", "context":Received 153 update(s). cV=TfQqHVEkcaUieKANpW8CAG.0;server=akswtt008000016;cloudType=Consumer;environment=Prod_southeastasia_prod-s01-065-apac-southeastasia;migrationStage=NotStarted}
{"logTime": "0524/065819", "correlationVector":"icr9+q6Bs1wTI7aQ3mZnlU","action":"Normal GetUpdate request", "result":"", "context":cV=icr9+q6Bs1wTI7aQ3mZnlU
Nudged types: Sessions, Device Info, History
Refresh requested types: Bookmarks, Preferences, Passwords, Autofill Profiles, Autofill, Extensions, Sessions, Extension settings, History Delete Directives, Device Info, User Consents, Send Tab To Self, Web Apps, History, Saved Tab Group, Collection, Edge E Drop, Edge Hub App Usage, Edge Tab Group, Edge Wallet, Encryption Keys}
{"logTime": "0524/065820", "correlationVector":"icr9+q6Bs1wTI7aQ3mZnlU.1","action":"SyncServerConnectionManagerRequest", "result":"SYNC_SERVER_OK", "context":{"environment":"Prod_southeastasia_prod-s01-064-apac-southeastasia", "migrationStage":"NotStarted", "server":"akswtt00800000s"}}
{"logTime": "0524/065820", "correlationVector":"icr9+q6Bs1wTI7aQ3mZnlU.2","action":"GetUpdates Response", "result":"Success", "context":Received 0 update(s). cV=icr9+q6Bs1wTI7aQ3mZnlU.0;server=akswtt00800000s;cloudType=Consumer;environment=Prod_southeastasia_prod-s01-064-apac-southeastasia;migrationStage=NotStarted}
{"logTime": "0524/065820", "correlationVector":"G2dxnhb1URY2VhHvXMfilT","action":"Commit Request", "result":"", "context":Item count: 5
Contributing types: Sessions, Device Info, History}
{"logTime": "0524/065820", "correlationVector":"G2dxnhb1URY2VhHvXMfilT.1","action":"SyncServerConnectionManagerRequest", "result":"SYNC_SERVER_OK", "context":{"environment":"Prod_southeastasia_prod-s01-064-apac-southeastasia", "migrationStage":"NotStarted", "server":"akswtt00800001k"}}
{"logTime": "0524/065820", "correlationVector":"G2dxnhb1URY2VhHvXMfilT.2","action":"Commit Response", "result":"Success", "context":Result: Success. cV=G2dxnhb1URY2VhHvXMfilT.0;server=akswtt00800001k;cloudType=Consumer;environment=Prod_southeastasia_prod-s01-064-apac-southeastasia;migrationStage=NotStarted}
{"logTime": "0524/065827", "correlationVector":"2io72O9wOMOCMIVlqkJ82v","action":"Commit Request", "result":"", "context":Item count: 40
Contributing types: Passwords}
{"logTime": "0524/065828", "correlationVector":"2io72O9wOMOCMIVlqkJ82v.1","action":"SyncServerConnectionManagerRequest", "result":"SYNC_SERVER_OK", "context":{"environment":"Prod_southeastasia_prod-s01-065-apac-southeastasia", "migrationStage":"NotStarted", "server":"akswtt00800000a"}}
{"logTime": "0524/065828", "correlationVector":"2io72O9wOMOCMIVlqkJ82v.2","action":"Commit Response", "result":"Success", "context":Result: Success. cV=2io72O9wOMOCMIVlqkJ82v.0;server=akswtt00800000a;cloudType=Consumer;environment=Prod_southeastasia_prod-s01-065-apac-southeastasia;migrationStage=NotStarted}
{"logTime": "0524/065828", "correlationVector":"Q8iEt7dSaQfw42VX0+lZ3q","action":"Commit Request", "result":"", "context":Item count: 40
Contributing types: Passwords}
{"logTime": "0524/065830", "correlationVector":"Q8iEt7dSaQfw42VX0+lZ3q.1","action":"SyncServerConnectionManagerRequest", "result":"SYNC_SERVER_OK", "context":{"environment":"Prod_southeastasia_prod-s01-065-apac-southeastasia", "migrationStage":"NotStarted", "server":"akswtt00800001q"}}
{"logTime": "0524/065830", "correlationVector":"Q8iEt7dSaQfw42VX0+lZ3q.2","action":"Commit Response", "result":"Success", "context":Result: Success. cV=Q8iEt7dSaQfw42VX0+lZ3q.0;server=akswtt00800001q;cloudType=Consumer;environment=Prod_southeastasia_prod-s01-065-apac-southeastasia;migrationStage=NotStarted}
{"logTime": "0524/065830", "correlationVector":"Z01xp4SjtJ3UOQPl2Pq6u8","action":"Commit Request", "result":"", "context":Item count: 40
Contributing types: Passwords}
{"logTime": "0524/065831", "correlationVector":"Z01xp4SjtJ3UOQPl2Pq6u8.1","action":"SyncServerConnectionManagerRequest", "result":"SYNC_SERVER_OK", "context":{"environment":"Prod_southeastasia_prod-s01-065-apac-southeastasia", "migrationStage":"NotStarted", "server":"akswtt00800001n"}}
{"logTime": "0524/065831", "correlationVector":"Z01xp4SjtJ3UOQPl2Pq6u8.2","action":"Commit Response", "result":"Success", "context":Result: Success. cV=Z01xp4SjtJ3UOQPl2Pq6u8.0;server=akswtt00800001n;cloudType=Consumer;environment=Prod_southeastasia_prod-s01-065-apac-southeastasia;migrationStage=NotStarted}
{"logTime": "0524/065831", "correlationVector":"R2pvX8S+v3Mqn+U506uFcM","action":"Commit Request", "result":"", "context":Item count: 13
Contributing types: Preferences, Passwords, Sessions, History}
{"logTime": "0524/065832", "correlationVector":"R2pvX8S+v3Mqn+U506uFcM.1","action":"SyncServerConnectionManagerRequest", "result":"SYNC_SERVER_OK", "context":{"environment":"Prod_southeastasia_prod-s01-065-apac-southeastasia", "migrationStage":"NotStarted", "server":"akswtt00800001s"}}
{"logTime": "0524/065832", "correlationVector":"R2pvX8S+v3Mqn+U506uFcM.3","action":"Commit.Sessions", "result":"Success", "context":{"id":"8232274e-9047-4d38-abca-ba8dcc61cb6e", "isDeleted":"true", "size":"0", "version":"1748069901756"}}
{"logTime": "0524/065832", "correlationVector":"R2pvX8S+v3Mqn+U506uFcM.2","action":"Commit Response", "result":"Success", "context":Result: Success. cV=R2pvX8S+v3Mqn+U506uFcM.0;server=akswtt00800001s;cloudType=Consumer;environment=Prod_southeastasia_prod-s01-065-apac-southeastasia;migrationStage=NotStarted}
{"logTime": "0524/070254", "correlationVector":"FJnH4lQmaGdNlIMojgXv0G.1","action":"SyncServerConnectionManagerRequest", "result":"SYNC_SERVER_OK", "context":{"environment":"Prod_southeastasia_prod-s01-065-apac-southeastasia", "migrationStage":"NotStarted", "server":"akswtt00800003d"}}
{"logTime": "0524/070254", "correlationVector":"FJnH4lQmaGdNlIMojgXv0G.2","action":"ProcessGetUpdates", "result":"Done", "context":{"dataType":"Encryption Keys", "deleted":"0", "process_failed_to_decrypt":"0", "process_pending_decryption":"0", "process_success":"1", "total":"1"}}
{"logTime": "0524/070255", "correlationVector":"83i5tZrwUlTl6Jf2hCAdnt","action":"SyncServerConnectionManagerRequest", "result":"SYNC_SERVER_OK", "context":{"environment":"", "migrationStage":"", "server":""}}
{"logTime": "0524/070255", "correlationVector":"83i5tZrwUlTl6Jf2hCAdnt.0","action":"EncryptionKeysFetcher.DownloadKeys:", "result":"Success", "context":Key count: 7, Last key timestamp: 2025-02-07T08:10:59Z}
{"logTime": "0524/070255", "correlationVector":"83i5tZrwUlTl6Jf2hCAdnt.1","action":"EncryptionKeysManager::SetEncryptionKeys:", "result":"Success", "context":Key names[7]:[wwJNYRQYvYJGh4DvEZkbgAMkpG2vBAIaEwMQsHLLcL3a3QLaGcRxovxlfwsiKwK6sQkyt5KcDjCZFJZQZFF6og==][SM5MvyMS5sOV8BHJuzDtKTHHkhKpa34X/zCTf7E8hJVm7p4kdP8bUrv6ir4XleoBytJl9Ci/QlmVPVYdeO0olg==][FFL7ZyTBPRgJjm9MNBRl5ettFMwH4cjzCPS8H9iwk4nVVTnh1oDtwQQGONfKVApxkbxnBWXlluqmdSw4iPA9vQ==][6L3eTsrK1Y6SbG7EJs9rhi7NFa5LrgLcuYkgUvIs0ThOeygtvxkiigsutEnsF/EX3rwnWb9qvBAOsFBOMJU83g==][B+U5lhbgeVd/WyZt0ljdIUl7XcdMVngy0LMiOGPrI3kvskI+bwbPK+H7RIZ37cg/NCz6/5Lgj/q5zxm9iYWGfQ==][ewafRZG6/6gEq1PhyvKUFFwUdjOoQs/bJefPcVswQKiNTTZ/sDOw8nUzV7krbRfgemKAwEQKPnPD4tE3sx/+2w==][vN2VfhqiN/SswS9tiSDUKIxgW/15NGvLTReZcbgvB5pvsKdV/rVMsVXI+VDMwKWk9QqM8Fqntrx/B9SURpCsrg==]}
{"logTime": "0524/070255", "correlationVector":"83i5tZrwUlTl6Jf2hCAdnt.2","action":"EncryptionKeysManager::SetEncryptionKeysWithTimestamps:", "result":"Success", "context":Key timestamps[7]:[2022-07-11T11:44:19Z][2023-01-12T06:40:11Z][2023-02-15T13:38:11Z][2023-08-15T04:57:13Z][2024-02-11T06:40:16Z][2024-08-09T11:56:02Z][2025-02-07T08:10:59Z]}
{"logTime": "0524/070255", "correlationVector":"FJnH4lQmaGdNlIMojgXv0G","action":"Initial GetUpdates", "result":"", "context":Reason: NEW_CLIENT. cV=FJnH4lQmaGdNlIMojgXv0G}
{"logTime": "0524/070255", "correlationVector":"FJnH4lQmaGdNlIMojgXv0G.3","action":"GetUpdates Response", "result":"Success", "context":Received 1 update(s). cV=FJnH4lQmaGdNlIMojgXv0G.0;server=akswtt00800003d;cloudType=Consumer;environment=Prod_southeastasia_prod-s01-065-apac-southeastasia;migrationStage=NotStarted}
{"logTime": "0524/070255", "correlationVector":"b5o3EDhE+XTCwhXJDTmZgh","action":"Initial GetUpdates", "result":"", "context":Reason: NEWLY_SUPPORTED_DATATYPE. cV=b5o3EDhE+XTCwhXJDTmZgh}
{"logTime": "0524/070255", "correlationVector":"b5o3EDhE+XTCwhXJDTmZgh.1","action":"SyncServerConnectionManagerRequest", "result":"SYNC_SERVER_OK", "context":{"environment":"Prod_southeastasia_prod-s01-065-apac-southeastasia", "migrationStage":"NotStarted", "server":"akswtt00800001r"}}
{"logTime": "0524/070255", "correlationVector":"b5o3EDhE+XTCwhXJDTmZgh.2","action":"ProcessGetUpdates", "result":"Done", "context":{"dataType":"Passwords", "deleted":"14", "process_failed_to_decrypt":"0", "process_pending_decryption":"0", "process_success":"153", "total":"153"}}
{"logTime": "0524/070255", "correlationVector":"b5o3EDhE+XTCwhXJDTmZgh.3","action":"GetUpdates Response", "result":"Success", "context":Received 153 update(s). cV=b5o3EDhE+XTCwhXJDTmZgh.0;server=akswtt00800001r;cloudType=Consumer;environment=Prod_southeastasia_prod-s01-065-apac-southeastasia;migrationStage=NotStarted}
{"logTime": "0524/070255", "correlationVector":"EUE/NOGK2rB8IfqTSsk/O7","action":"Normal GetUpdate request", "result":"", "context":cV=EUE/NOGK2rB8IfqTSsk/O7
Nudged types: Sessions, Device Info, History
Refresh requested types: Bookmarks, Preferences, Passwords, Autofill Profiles, Autofill, Extensions, Sessions, Extension settings, History Delete Directives, Device Info, User Consents, Send Tab To Self, Web Apps, History, Saved Tab Group, Collection, Edge E Drop, Edge Hub App Usage, Edge Tab Group, Edge Wallet, Encryption Keys}
{"logTime": "0524/070256", "correlationVector":"EUE/NOGK2rB8IfqTSsk/O7.1","action":"SyncServerConnectionManagerRequest", "result":"SYNC_SERVER_OK", "context":{"environment":"Prod_southeastasia_prod-s01-065-apac-southeastasia", "migrationStage":"NotStarted", "server":"akswtt008000015"}}
{"logTime": "0524/070256", "correlationVector":"EUE/NOGK2rB8IfqTSsk/O7.2","action":"ProcessGetUpdates", "result":"Done", "context":{"dataType":"Preferences", "deleted":"0", "process_failed_to_decrypt":"0", "process_pending_decryption":"0", "process_success":"1", "total":"1"}}
{"logTime": "0524/070256", "correlationVector":"EUE/NOGK2rB8IfqTSsk/O7.3","action":"ProcessGetUpdates", "result":"Done", "context":{"dataType":"Sessions", "deleted":"1", "process_failed_to_decrypt":"0", "process_pending_decryption":"0", "process_success":"3", "total":"3"}}
{"logTime": "0524/070256", "correlationVector":"EUE/NOGK2rB8IfqTSsk/O7.4","action":"ProcessGetUpdates", "result":"Done", "context":{"dataType":"Device Info", "deleted":"0", "process_failed_to_decrypt":"0", "process_pending_decryption":"0", "process_success":"1", "total":"1"}}
{"logTime": "0524/070256", "correlationVector":"EUE/NOGK2rB8IfqTSsk/O7.5","action":"ProcessGetUpdates", "result":"Done", "context":{"dataType":"History", "deleted":"0", "process_failed_to_decrypt":"0", "process_pending_decryption":"0", "process_success":"2", "total":"2"}}
{"logTime": "0524/070256", "correlationVector":"EUE/NOGK2rB8IfqTSsk/O7.6","action":"GetUpdates Response", "result":"Success", "context":Received 7 update(s). cV=EUE/NOGK2rB8IfqTSsk/O7.0;server=akswtt008000015;cloudType=Consumer;environment=Prod_southeastasia_prod-s01-065-apac-southeastasia;migrationStage=NotStarted}
{"logTime": "0524/070256", "correlationVector":"LIEGzlNvWgzYPngqDUrOhj","action":"Commit Request", "result":"", "context":Item count: 5
Contributing types: Sessions, Device Info, History}
{"logTime": "0524/070256", "correlationVector":"LIEGzlNvWgzYPngqDUrOhj.1","action":"SyncServerConnectionManagerRequest", "result":"SYNC_SERVER_OK", "context":{"environment":"Prod_southeastasia_prod-s01-065-apac-southeastasia", "migrationStage":"NotStarted", "server":"akswtt00800002z"}}
{"logTime": "0524/070256", "correlationVector":"LIEGzlNvWgzYPngqDUrOhj.2","action":"Commit Response", "result":"Success", "context":Result: Success. cV=LIEGzlNvWgzYPngqDUrOhj.0;server=akswtt00800002z;cloudType=Consumer;environment=Prod_southeastasia_prod-s01-065-apac-southeastasia;migrationStage=NotStarted}
{"logTime": "0524/070256", "correlationVector":"LIEGzlNvWgzYPngqDUrOhj.3","action":"Commit.Sessions", "result":"Success", "context":{"id":"411c739a-579e-4144-a6d7-26a85fa59f90", "isDeleted":"true", "size":"0", "version":"1748069913365"}}
{"logTime": "0524/070303", "correlationVector":"AC0xHznoXIies6FUi4co3V","action":"Commit Request", "result":"", "context":Item count: 40
Contributing types: Passwords}
{"logTime": "0524/070304", "correlationVector":"AC0xHznoXIies6FUi4co3V.1","action":"SyncServerConnectionManagerRequest", "result":"SYNC_SERVER_OK", "context":{"environment":"Prod_southeastasia_prod-s01-064-apac-southeastasia", "migrationStage":"NotStarted", "server":"akswtt008000026"}}
{"logTime": "0524/070304", "correlationVector":"AC0xHznoXIies6FUi4co3V.2","action":"Commit Response", "result":"Success", "context":Result: Success. cV=AC0xHznoXIies6FUi4co3V.0;server=akswtt008000026;cloudType=Consumer;environment=Prod_southeastasia_prod-s01-064-apac-southeastasia;migrationStage=NotStarted}
{"logTime": "0524/070304", "correlationVector":"W2qNRKzxDdrzzZGhcfOQB+","action":"Commit Request", "result":"", "context":Item count: 40
Contributing types: Passwords}
{"logTime": "0524/070306", "correlationVector":"W2qNRKzxDdrzzZGhcfOQB+.1","action":"SyncServerConnectionManagerRequest", "result":"SYNC_SERVER_OK", "context":{"environment":"Prod_southeastasia_prod-s01-064-apac-southeastasia", "migrationStage":"NotStarted", "server":"akswtt00800000n"}}
{"logTime": "0524/070306", "correlationVector":"W2qNRKzxDdrzzZGhcfOQB+.2","action":"Commit Response", "result":"Success", "context":Result: Success. cV=W2qNRKzxDdrzzZGhcfOQB+.0;server=akswtt00800000n;cloudType=Consumer;environment=Prod_southeastasia_prod-s01-064-apac-southeastasia;migrationStage=NotStarted}
{"logTime": "0524/070306", "correlationVector":"r9Ri2J7KSEOEkjCJCjuZjM","action":"Commit Request", "result":"", "context":Item count: 40
Contributing types: Passwords}
{"logTime": "0524/070307", "correlationVector":"r9Ri2J7KSEOEkjCJCjuZjM.1","action":"SyncServerConnectionManagerRequest", "result":"SYNC_SERVER_OK", "context":{"environment":"Prod_southeastasia_prod-s01-064-apac-southeastasia", "migrationStage":"NotStarted", "server":"akswtt008000037"}}
{"logTime": "0524/070307", "correlationVector":"r9Ri2J7KSEOEkjCJCjuZjM.2","action":"Commit Response", "result":"Success", "context":Result: Success. cV=r9Ri2J7KSEOEkjCJCjuZjM.0;server=akswtt008000037;cloudType=Consumer;environment=Prod_southeastasia_prod-s01-064-apac-southeastasia;migrationStage=NotStarted}
{"logTime": "0524/070307", "correlationVector":"hDqT56jz/luSM6erPEIae+","action":"Commit Request", "result":"", "context":Item count: 12
Contributing types: Preferences, Passwords, Sessions, History}
{"logTime": "0524/070308", "correlationVector":"hDqT56jz/luSM6erPEIae+.1","action":"SyncServerConnectionManagerRequest", "result":"SYNC_SERVER_OK", "context":{"environment":"Prod_southeastasia_prod-s01-064-apac-southeastasia", "migrationStage":"NotStarted", "server":"akswtt00800002f"}}
{"logTime": "0524/070308", "correlationVector":"hDqT56jz/luSM6erPEIae+.2","action":"Commit Response", "result":"Success", "context":Result: Success. cV=hDqT56jz/luSM6erPEIae+.0;server=akswtt00800002f;cloudType=Consumer;environment=Prod_southeastasia_prod-s01-064-apac-southeastasia;migrationStage=NotStarted}
{"logTime": "0524/070428", "correlationVector":"/92QfEstaiXFgagvGkQgas","action":"Commit Request", "result":"", "context":Item count: 2
Contributing types: Sessions, History}
{"logTime": "0524/070428", "correlationVector":"/92QfEstaiXFgagvGkQgas.1","action":"SyncServerConnectionManagerRequest", "result":"SYNC_SERVER_OK", "context":{"environment":"Prod_southeastasia_prod-s01-065-apac-southeastasia", "migrationStage":"NotStarted", "server":"akswtt008000034"}}
{"logTime": "0524/070428", "correlationVector":"/92QfEstaiXFgagvGkQgas.2","action":"Commit Response", "result":"Success", "context":Result: Success. cV=/92QfEstaiXFgagvGkQgas.0;server=akswtt008000034;cloudType=Consumer;environment=Prod_southeastasia_prod-s01-065-apac-southeastasia;migrationStage=NotStarted}
{"logTime": "0524/070456", "correlationVector":"Pcmekd89Zq8OB1MpusqaAw","action":"Commit Request", "result":"", "context":Item count: 1
Contributing types: Device Info}
{"logTime": "0524/070457", "correlationVector":"Pcmekd89Zq8OB1MpusqaAw.1","action":"SyncServerConnectionManagerRequest", "result":"SYNC_SERVER_OK", "context":{"environment":"Prod_southeastasia_prod-s01-064-apac-southeastasia", "migrationStage":"NotStarted", "server":"akswtt00800000g"}}
{"logTime": "0524/070457", "correlationVector":"Pcmekd89Zq8OB1MpusqaAw.2","action":"Commit Response", "result":"Success", "context":Result: Success. cV=Pcmekd89Zq8OB1MpusqaAw.0;server=akswtt00800000g;cloudType=Consumer;environment=Prod_southeastasia_prod-s01-064-apac-southeastasia;migrationStage=NotStarted}
{"logTime": "0524/071131", "correlationVector":"lirERFz5P+mCcvUu+3RV8Q","action":"Commit Request", "result":"", "context":Item count: 1
Contributing types: Sessions}
{"logTime": "0524/071131", "correlationVector":"lirERFz5P+mCcvUu+3RV8Q.1","action":"SyncServerConnectionManagerRequest", "result":"SYNC_SERVER_OK", "context":{"environment":"Prod_southeastasia_prod-s01-065-apac-southeastasia", "migrationStage":"NotStarted", "server":"akswtt00800003b"}}
{"logTime": "0524/071131", "correlationVector":"lirERFz5P+mCcvUu+3RV8Q.2","action":"Commit Response", "result":"Success", "context":Result: Success. cV=lirERFz5P+mCcvUu+3RV8Q.0;server=akswtt00800003b;cloudType=Consumer;environment=Prod_southeastasia_prod-s01-065-apac-southeastasia;migrationStage=NotStarted}
{"logTime": "0524/071709", "correlationVector":"FrMKVgyP2Wo4nYaT3NsyN2","action":"Commit Request", "result":"", "context":Item count: 4
Contributing types: Passwords, Sessions, History}
{"logTime": "0524/071710", "correlationVector":"FrMKVgyP2Wo4nYaT3NsyN2.1","action":"SyncServerConnectionManagerRequest", "result":"SYNC_SERVER_OK", "context":{"environment":"Prod_southeastasia_prod-s01-064-apac-southeastasia", "migrationStage":"NotStarted", "server":"akswtt008000006"}}
{"logTime": "0524/071710", "correlationVector":"FrMKVgyP2Wo4nYaT3NsyN2.2","action":"Commit Response", "result":"Success", "context":Result: Success. cV=FrMKVgyP2Wo4nYaT3NsyN2.0;server=akswtt008000006;cloudType=Consumer;environment=Prod_southeastasia_prod-s01-064-apac-southeastasia;migrationStage=NotStarted}
{"logTime": "0524/072411", "correlationVector":"O9EOBMA7lnGYQRajYysTx9","action":"Commit Request", "result":"", "context":Item count: 1
Contributing types: Sessions}
{"logTime": "0524/072411", "correlationVector":"O9EOBMA7lnGYQRajYysTx9.1","action":"SyncServerConnectionManagerRequest", "result":"SYNC_SERVER_OK", "context":{"environment":"Prod_southeastasia_prod-s01-064-apac-southeastasia", "migrationStage":"NotStarted", "server":"akswtt00800002n"}}
{"logTime": "0524/072411", "correlationVector":"O9EOBMA7lnGYQRajYysTx9.2","action":"Commit Response", "result":"Success", "context":Result: Success. cV=O9EOBMA7lnGYQRajYysTx9.0;server=akswtt00800002n;cloudType=Consumer;environment=Prod_southeastasia_prod-s01-064-apac-southeastasia;migrationStage=NotStarted}
{"logTime": "0524/072712", "correlationVector":"arO/Qt9NIfFl7LDVXFK9qG","action":"Commit Request", "result":"", "context":Item count: 1
Contributing types: Sessions}
{"logTime": "0524/072712", "correlationVector":"arO/Qt9NIfFl7LDVXFK9qG.1","action":"SyncServerConnectionManagerRequest", "result":"SYNC_SERVER_OK", "context":{"environment":"Prod_southeastasia_prod-s01-065-apac-southeastasia", "migrationStage":"NotStarted", "server":"akswtt00800001t"}}
{"logTime": "0524/072712", "correlationVector":"arO/Qt9NIfFl7LDVXFK9qG.2","action":"Commit Response", "result":"Success", "context":Result: Success. cV=arO/Qt9NIfFl7LDVXFK9qG.0;server=akswtt00800001t;cloudType=Consumer;environment=Prod_southeastasia_prod-s01-065-apac-southeastasia;migrationStage=NotStarted}
{"logTime": "0524/073002", "correlationVector":"+Cj2lvWwAlA6XHFQgqPUTE","action":"Commit Request", "result":"", "context":Item count: 1
Contributing types: Sessions}
{"logTime": "0524/073002", "correlationVector":"+Cj2lvWwAlA6XHFQgqPUTE.1","action":"SyncServerConnectionManagerRequest", "result":"SYNC_SERVER_OK", "context":{"environment":"Prod_southeastasia_prod-s01-064-apac-southeastasia", "migrationStage":"NotStarted", "server":"akswtt00800001o"}}
{"logTime": "0524/073002", "correlationVector":"+Cj2lvWwAlA6XHFQgqPUTE.2","action":"Commit Response", "result":"Success", "context":Result: Success. cV=+Cj2lvWwAlA6XHFQgqPUTE.0;server=akswtt00800001o;cloudType=Consumer;environment=Prod_southeastasia_prod-s01-064-apac-southeastasia;migrationStage=NotStarted}
{"logTime": "0524/073608", "correlationVector":"TY5tbBnbgB4p+vl8Of8nkO","action":"Commit Request", "result":"", "context":Item count: 1
Contributing types: Sessions}
{"logTime": "0524/073609", "correlationVector":"TY5tbBnbgB4p+vl8Of8nkO.1","action":"SyncServerConnectionManagerRequest", "result":"SYNC_SERVER_OK", "context":{"environment":"Prod_southeastasia_prod-s01-065-apac-southeastasia", "migrationStage":"NotStarted", "server":"akswtt00800001h"}}
{"logTime": "0524/073609", "correlationVector":"TY5tbBnbgB4p+vl8Of8nkO.2","action":"Commit Response", "result":"Success", "context":Result: Success. cV=TY5tbBnbgB4p+vl8Of8nkO.0;server=akswtt00800001h;cloudType=Consumer;environment=Prod_southeastasia_prod-s01-065-apac-southeastasia;migrationStage=NotStarted}
{"logTime": "0524/074246", "correlationVector":"7RY5i6Bnm1pUWQTrZquAZl","action":"Commit Request", "result":"", "context":Item count: 1
Contributing types: Sessions}
{"logTime": "0524/074247", "correlationVector":"7RY5i6Bnm1pUWQTrZquAZl.1","action":"SyncServerConnectionManagerRequest", "result":"SYNC_SERVER_OK", "context":{"environment":"Prod_southeastasia_prod-s01-064-apac-southeastasia", "migrationStage":"NotStarted", "server":"akswtt00800002b"}}
{"logTime": "0524/074247", "correlationVector":"7RY5i6Bnm1pUWQTrZquAZl.2","action":"Commit Response", "result":"Success", "context":Result: Success. cV=7RY5i6Bnm1pUWQTrZquAZl.0;server=akswtt00800002b;cloudType=Consumer;environment=Prod_southeastasia_prod-s01-064-apac-southeastasia;migrationStage=NotStarted}
{"logTime": "0524/074419", "correlationVector":"IlGcJB5uQbVGrrNNlBftJI","action":"Commit Request", "result":"", "context":Item count: 1
Contributing types: Sessions}
{"logTime": "0524/074419", "correlationVector":"IlGcJB5uQbVGrrNNlBftJI.1","action":"SyncServerConnectionManagerRequest", "result":"SYNC_SERVER_OK", "context":{"environment":"Prod_southeastasia_prod-s01-065-apac-southeastasia", "migrationStage":"NotStarted", "server":"akswtt00800003j"}}
{"logTime": "0524/074419", "correlationVector":"IlGcJB5uQbVGrrNNlBftJI.2","action":"Commit Response", "result":"Success", "context":Result: Success. cV=IlGcJB5uQbVGrrNNlBftJI.0;server=akswtt00800003j;cloudType=Consumer;environment=Prod_southeastasia_prod-s01-065-apac-southeastasia;migrationStage=NotStarted}
{"logTime": "0524/074533", "correlationVector":"wGOoJL9bLDO1hIf0nKnF0E","action":"Commit Request", "result":"", "context":Item count: 1
Contributing types: Sessions}
{"logTime": "0524/074533", "correlationVector":"wGOoJL9bLDO1hIf0nKnF0E.1","action":"SyncServerConnectionManagerRequest", "result":"SYNC_SERVER_OK", "context":{"environment":"Prod_southeastasia_prod-s01-065-apac-southeastasia", "migrationStage":"NotStarted", "server":"akswtt00800002f"}}
{"logTime": "0524/074533", "correlationVector":"wGOoJL9bLDO1hIf0nKnF0E.2","action":"Commit Response", "result":"Success", "context":Result: Success. cV=wGOoJL9bLDO1hIf0nKnF0E.0;server=akswtt00800002f;cloudType=Consumer;environment=Prod_southeastasia_prod-s01-065-apac-southeastasia;migrationStage=NotStarted}
{"logTime": "0524/074937", "correlationVector":"ThUNujdvOqIg9JVpN2iVZ7","action":"Commit Request", "result":"", "context":Item count: 1
Contributing types: Sessions}
{"logTime": "0524/074937", "correlationVector":"ThUNujdvOqIg9JVpN2iVZ7.1","action":"SyncServerConnectionManagerRequest", "result":"SYNC_SERVER_OK", "context":{"environment":"Prod_southeastasia_prod-s01-065-apac-southeastasia", "migrationStage":"NotStarted", "server":"akswtt008000025"}}
{"logTime": "0524/074937", "correlationVector":"ThUNujdvOqIg9JVpN2iVZ7.2","action":"Commit Response", "result":"Success", "context":Result: Success. cV=ThUNujdvOqIg9JVpN2iVZ7.0;server=akswtt008000025;cloudType=Consumer;environment=Prod_southeastasia_prod-s01-065-apac-southeastasia;migrationStage=NotStarted}
{"logTime": "0524/075037", "correlationVector":"Se2Un/Bi1WxbTcDenyKLMT","action":"Commit Request", "result":"", "context":Item count: 8
Contributing types: Sessions, History}
{"logTime": "0524/075038", "correlationVector":"Se2Un/Bi1WxbTcDenyKLMT.1","action":"SyncServerConnectionManagerRequest", "result":"SYNC_SERVER_OK", "context":{"environment":"Prod_southeastasia_prod-s01-065-apac-southeastasia", "migrationStage":"NotStarted", "server":"akswtt00800001m"}}
{"logTime": "0524/075038", "correlationVector":"Se2Un/Bi1WxbTcDenyKLMT.2","action":"Commit Response", "result":"Success", "context":Result: Success. cV=Se2Un/Bi1WxbTcDenyKLMT.0;server=akswtt00800001m;cloudType=Consumer;environment=Prod_southeastasia_prod-s01-065-apac-southeastasia;migrationStage=NotStarted}
{"logTime": "0524/075228", "correlationVector":"UeSS87TVkwQNTd3qgi+pg6","action":"Commit Request", "result":"", "context":Item count: 2
Contributing types: Sessions, Device Info}
{"logTime": "0524/075229", "correlationVector":"UeSS87TVkwQNTd3qgi+pg6.1","action":"SyncServerConnectionManagerRequest", "result":"SYNC_SERVER_OK", "context":{"environment":"Prod_southeastasia_prod-s01-065-apac-southeastasia", "migrationStage":"NotStarted", "server":"akswtt00800002t"}}
{"logTime": "0524/075229", "correlationVector":"UeSS87TVkwQNTd3qgi+pg6.2","action":"Commit Response", "result":"Success", "context":Result: Success. cV=UeSS87TVkwQNTd3qgi+pg6.0;server=akswtt00800002t;cloudType=Consumer;environment=Prod_southeastasia_prod-s01-065-apac-southeastasia;migrationStage=NotStarted}
{"logTime": "0524/075230", "correlationVector":"7F7a8IwkTS2qZuyASnj+bz","action":"Commit Request", "result":"", "context":Item count: 2
Contributing types: Preferences, Device Info}
{"logTime": "0524/075230", "correlationVector":"7F7a8IwkTS2qZuyASnj+bz.1","action":"SyncServerConnectionManagerRequest", "result":"SYNC_SERVER_OK", "context":{"environment":"Prod_southeastasia_prod-s01-065-apac-southeastasia", "migrationStage":"NotStarted", "server":"akswtt00800002u"}}
{"logTime": "0524/075230", "correlationVector":"7F7a8IwkTS2qZuyASnj+bz.2","action":"Commit Response", "result":"Success", "context":Result: Success. cV=7F7a8IwkTS2qZuyASnj+bz.0;server=akswtt00800002u;cloudType=Consumer;environment=Prod_southeastasia_prod-s01-065-apac-southeastasia;migrationStage=NotStarted}
{"logTime": "0524/075232", "correlationVector":"IOqsJXTEWBAxRJvPN4inbc","action":"Commit Request", "result":"", "context":Item count: 1
Contributing types: Preferences}
{"logTime": "0524/075233", "correlationVector":"IOqsJXTEWBAxRJvPN4inbc.1","action":"SyncServerConnectionManagerRequest", "result":"SYNC_SERVER_OK", "context":{"environment":"Prod_southeastasia_prod-s01-065-apac-southeastasia", "migrationStage":"NotStarted", "server":"akswtt008000016"}}
{"logTime": "0524/075233", "correlationVector":"IOqsJXTEWBAxRJvPN4inbc.2","action":"Commit Response", "result":"Success", "context":Result: Success. cV=IOqsJXTEWBAxRJvPN4inbc.0;server=akswtt008000016;cloudType=Consumer;environment=Prod_southeastasia_prod-s01-065-apac-southeastasia;migrationStage=NotStarted}
{"logTime": "0524/075240", "correlationVector":"3hXPTdZ5dqGFazkUZbxlGY","action":"Commit Request", "result":"", "context":Item count: 1
Contributing types: Device Info}
{"logTime": "0524/075240", "correlationVector":"3hXPTdZ5dqGFazkUZbxlGY.1","action":"SyncServerConnectionManagerRequest", "result":"SYNC_SERVER_OK", "context":{"environment":"Prod_southeastasia_prod-s01-065-apac-southeastasia", "migrationStage":"NotStarted", "server":"akswtt00800000p"}}
{"logTime": "0524/075240", "correlationVector":"3hXPTdZ5dqGFazkUZbxlGY.2","action":"Commit Response", "result":"Success", "context":Result: Success. cV=3hXPTdZ5dqGFazkUZbxlGY.0;server=akswtt00800000p;cloudType=Consumer;environment=Prod_southeastasia_prod-s01-065-apac-southeastasia;migrationStage=NotStarted}
{"logTime": "0524/075243", "correlationVector":"bP6OKoEnGip65GV9o+gJGw","action":"Commit Request", "result":"", "context":Item count: 2
Contributing types: Preferences}
{"logTime": "0524/075243", "correlationVector":"bP6OKoEnGip65GV9o+gJGw.1","action":"SyncServerConnectionManagerRequest", "result":"SYNC_SERVER_OK", "context":{"environment":"Prod_southeastasia_prod-s01-065-apac-southeastasia", "migrationStage":"NotStarted", "server":"akswtt00800003i"}}
{"logTime": "0524/075243", "correlationVector":"bP6OKoEnGip65GV9o+gJGw.2","action":"Commit Response", "result":"Success", "context":Result: Success. cV=bP6OKoEnGip65GV9o+gJGw.0;server=akswtt00800003i;cloudType=Consumer;environment=Prod_southeastasia_prod-s01-065-apac-southeastasia;migrationStage=NotStarted}
{"logTime": "0524/075258", "correlationVector":"RoedKf6tWwcP/r1ma8CnEV","action":"Commit Request", "result":"", "context":Item count: 3
Contributing types: Preferences, Sessions, Device Info}
{"logTime": "0524/075258", "correlationVector":"RoedKf6tWwcP/r1ma8CnEV.1","action":"SyncServerConnectionManagerRequest", "result":"SYNC_SERVER_OK", "context":{"environment":"Prod_southeastasia_prod-s01-065-apac-southeastasia", "migrationStage":"NotStarted", "server":"akswtt00800002q"}}
{"logTime": "0524/075258", "correlationVector":"RoedKf6tWwcP/r1ma8CnEV.2","action":"Commit Response", "result":"Success", "context":Result: Success. cV=RoedKf6tWwcP/r1ma8CnEV.0;server=akswtt00800002q;cloudType=Consumer;environment=Prod_southeastasia_prod-s01-065-apac-southeastasia;migrationStage=NotStarted}
{"logTime": "0524/075300", "correlationVector":"wyzbFZpfYhxl+j1T1Th1qP","action":"Normal GetUpdate request", "result":"", "context":cV=wyzbFZpfYhxl+j1T1Th1qP
Notified types: Device Info, History}
{"logTime": "0524/075302", "correlationVector":"wyzbFZpfYhxl+j1T1Th1qP.1","action":"SyncServerConnectionManagerRequest", "result":"SYNC_SERVER_OK", "context":{"environment":"Prod_southeastasia_prod-s01-065-apac-southeastasia", "migrationStage":"NotStarted", "server":"akswtt00800001f"}}
{"logTime": "0524/075302", "correlationVector":"wyzbFZpfYhxl+j1T1Th1qP.2","action":"ProcessGetUpdates", "result":"Done", "context":{"dataType":"Preferences", "deleted":"0", "process_failed_to_decrypt":"0", "process_pending_decryption":"0", "process_success":"3", "total":"3"}}
{"logTime": "0524/075302", "correlationVector":"wyzbFZpfYhxl+j1T1Th1qP.3","action":"ProcessGetUpdates", "result":"Done", "context":{"dataType":"Passwords", "deleted":"0", "process_failed_to_decrypt":"0", "process_pending_decryption":"0", "process_success":"130", "total":"130"}}
{"logTime": "0524/075302", "correlationVector":"wyzbFZpfYhxl+j1T1Th1qP.4","action":"ProcessGetUpdates", "result":"Done", "context":{"dataType":"Sessions", "deleted":"3", "process_failed_to_decrypt":"0", "process_pending_decryption":"0", "process_success":"7", "total":"7"}}
{"logTime": "0524/075302", "correlationVector":"wyzbFZpfYhxl+j1T1Th1qP.5","action":"ProcessGetUpdates", "result":"Done", "context":{"dataType":"Device Info", "deleted":"0", "process_failed_to_decrypt":"0", "process_pending_decryption":"0", "process_success":"2", "total":"2"}}
{"logTime": "0524/075302", "correlationVector":"wyzbFZpfYhxl+j1T1Th1qP.6","action":"ProcessGetUpdates", "result":"Done", "context":{"dataType":"History", "deleted":"0", "process_failed_to_decrypt":"0", "process_pending_decryption":"0", "process_success":"11", "total":"11"}}
{"logTime": "0524/075302", "correlationVector":"wyzbFZpfYhxl+j1T1Th1qP.7","action":"GetUpdates Response", "result":"Success", "context":Received 153 update(s). cV=wyzbFZpfYhxl+j1T1Th1qP.0;server=akswtt00800001f;cloudType=Consumer;environment=Prod_southeastasia_prod-s01-065-apac-southeastasia;migrationStage=NotStarted}
{"logTime": "0524/075308", "correlationVector":"C/k1InqdJj4kbYaqf+Ce9h","action":"Normal GetUpdate request", "result":"", "context":cV=C/k1InqdJj4kbYaqf+Ce9h
Notified types: Preferences}
{"logTime": "0524/075308", "correlationVector":"C/k1InqdJj4kbYaqf+Ce9h.1","action":"SyncServerConnectionManagerRequest", "result":"SYNC_SERVER_OK", "context":{"environment":"Prod_southeastasia_prod-s01-065-apac-southeastasia", "migrationStage":"NotStarted", "server":"akswtt00800003i"}}
{"logTime": "0524/075308", "correlationVector":"C/k1InqdJj4kbYaqf+Ce9h.2","action":"ProcessGetUpdates", "result":"Done", "context":{"dataType":"Preferences", "deleted":"0", "process_failed_to_decrypt":"0", "process_pending_decryption":"0", "process_success":"1", "total":"1"}}
{"logTime": "0524/075308", "correlationVector":"C/k1InqdJj4kbYaqf+Ce9h.3","action":"GetUpdates Response", "result":"Success", "context":Received 1 update(s). cV=C/k1InqdJj4kbYaqf+Ce9h.0;server=akswtt00800003i;cloudType=Consumer;environment=Prod_southeastasia_prod-s01-065-apac-southeastasia;migrationStage=NotStarted}
{"logTime": "0524/075527", "correlationVector":"pXt15T+21z6AeaQJ532I29","action":"Commit Request", "result":"", "context":Item count: 1
Contributing types: Sessions}
{"logTime": "0524/075528", "correlationVector":"pXt15T+21z6AeaQJ532I29.1","action":"SyncServerConnectionManagerRequest", "result":"SYNC_SERVER_OK", "context":{"environment":"Prod_southeastasia_prod-s01-065-apac-southeastasia", "migrationStage":"NotStarted", "server":"akswtt00800001x"}}
{"logTime": "0524/075528", "correlationVector":"pXt15T+21z6AeaQJ532I29.2","action":"Commit Response", "result":"Success", "context":Result: Success. cV=pXt15T+21z6AeaQJ532I29.0;server=akswtt00800001x;cloudType=Consumer;environment=Prod_southeastasia_prod-s01-065-apac-southeastasia;migrationStage=NotStarted}
{"logTime": "0524/075629", "correlationVector":"huWPeJEkfy5nxX1yqb7q8O","action":"Commit Request", "result":"", "context":Item count: 3
Contributing types: Sessions, History}
{"logTime": "0524/075629", "correlationVector":"huWPeJEkfy5nxX1yqb7q8O.1","action":"SyncServerConnectionManagerRequest", "result":"SYNC_SERVER_OK", "context":{"environment":"Prod_southeastasia_prod-s01-065-apac-southeastasia", "migrationStage":"NotStarted", "server":"akswtt008000031"}}
{"logTime": "0524/075629", "correlationVector":"huWPeJEkfy5nxX1yqb7q8O.2","action":"Commit Response", "result":"Success", "context":Result: Success. cV=huWPeJEkfy5nxX1yqb7q8O.0;server=akswtt008000031;cloudType=Consumer;environment=Prod_southeastasia_prod-s01-065-apac-southeastasia;migrationStage=NotStarted}
{"logTime": "0524/080233", "correlationVector":"rcy0KyczAW8ZY/V69cGQFl","action":"Commit Request", "result":"", "context":Item count: 1
Contributing types: Sessions}
{"logTime": "0524/080234", "correlationVector":"rcy0KyczAW8ZY/V69cGQFl.1","action":"SyncServerConnectionManagerRequest", "result":"SYNC_SERVER_OK", "context":{"environment":"Prod_southeastasia_prod-s01-065-apac-southeastasia", "migrationStage":"NotStarted", "server":"akswtt00800002a"}}
{"logTime": "0524/080234", "correlationVector":"rcy0KyczAW8ZY/V69cGQFl.2","action":"Commit Response", "result":"Success", "context":Result: Success. cV=rcy0KyczAW8ZY/V69cGQFl.0;server=akswtt00800002a;cloudType=Consumer;environment=Prod_southeastasia_prod-s01-065-apac-southeastasia;migrationStage=NotStarted}
{"logTime": "0524/080400", "correlationVector":"BnxQ4eZFco3WHFgTVTNJc0","action":"Commit Request", "result":"", "context":Item count: 1
Contributing types: Sessions}
{"logTime": "0524/080401", "correlationVector":"BnxQ4eZFco3WHFgTVTNJc0.1","action":"SyncServerConnectionManagerRequest", "result":"SYNC_SERVER_OK", "context":{"environment":"Prod_southeastasia_prod-s01-065-apac-southeastasia", "migrationStage":"NotStarted", "server":"akswtt00800002a"}}
{"logTime": "0524/080401", "correlationVector":"BnxQ4eZFco3WHFgTVTNJc0.2","action":"Commit Response", "result":"Success", "context":Result: Success. cV=BnxQ4eZFco3WHFgTVTNJc0.0;server=akswtt00800002a;cloudType=Consumer;environment=Prod_southeastasia_prod-s01-065-apac-southeastasia;migrationStage=NotStarted}
{"logTime": "0524/080601", "correlationVector":"9CStZSMwrwW6KjtBNrPqHI","action":"Commit Request", "result":"", "context":Item count: 1
Contributing types: Sessions}
{"logTime": "0524/080601", "correlationVector":"9CStZSMwrwW6KjtBNrPqHI.1","action":"SyncServerConnectionManagerRequest", "result":"SYNC_SERVER_OK", "context":{"environment":"Prod_southeastasia_prod-s01-065-apac-southeastasia", "migrationStage":"NotStarted", "server":"akswtt008000007"}}
{"logTime": "0524/080601", "correlationVector":"9CStZSMwrwW6KjtBNrPqHI.2","action":"Commit Response", "result":"Success", "context":Result: Success. cV=9CStZSMwrwW6KjtBNrPqHI.0;server=akswtt008000007;cloudType=Consumer;environment=Prod_southeastasia_prod-s01-065-apac-southeastasia;migrationStage=NotStarted}
{"logTime": "0524/080948", "correlationVector":"8liKCbxhJT/fR5pMir5wHq","action":"Commit Request", "result":"", "context":Item count: 1
Contributing types: Sessions}
{"logTime": "0524/080949", "correlationVector":"8liKCbxhJT/fR5pMir5wHq.1","action":"SyncServerConnectionManagerRequest", "result":"SYNC_SERVER_OK", "context":{"environment":"Prod_southeastasia_prod-s01-064-apac-southeastasia", "migrationStage":"NotStarted", "server":"akswtt008000022"}}
{"logTime": "0524/080949", "correlationVector":"8liKCbxhJT/fR5pMir5wHq.2","action":"Commit Response", "result":"Success", "context":Result: Success. cV=8liKCbxhJT/fR5pMir5wHq.0;server=akswtt008000022;cloudType=Consumer;environment=Prod_southeastasia_prod-s01-064-apac-southeastasia;migrationStage=NotStarted}
{"logTime": "0524/081904", "correlationVector":"p0E9WrSdZ9fYNtHmeYpXEJ","action":"Commit Request", "result":"", "context":Item count: 1
Contributing types: Sessions}
{"logTime": "0524/081905", "correlationVector":"p0E9WrSdZ9fYNtHmeYpXEJ.1","action":"SyncServerConnectionManagerRequest", "result":"SYNC_SERVER_OK", "context":{"environment":"Prod_southeastasia_prod-s01-064-apac-southeastasia", "migrationStage":"NotStarted", "server":"akswtt008000006"}}
{"logTime": "0524/081905", "correlationVector":"p0E9WrSdZ9fYNtHmeYpXEJ.2","action":"Commit Response", "result":"Success", "context":Result: Success. cV=p0E9WrSdZ9fYNtHmeYpXEJ.0;server=akswtt008000006;cloudType=Consumer;environment=Prod_southeastasia_prod-s01-064-apac-southeastasia;migrationStage=NotStarted}
{"logTime": "0524/082114", "correlationVector":"ZFUc0jh5XfrzLg8EuhtbBH","action":"Commit Request", "result":"", "context":Item count: 1
Contributing types: Sessions}
{"logTime": "0524/082114", "correlationVector":"ZFUc0jh5XfrzLg8EuhtbBH.1","action":"SyncServerConnectionManagerRequest", "result":"SYNC_SERVER_OK", "context":{"environment":"Prod_southeastasia_prod-s01-064-apac-southeastasia", "migrationStage":"NotStarted", "server":"akswtt008000030"}}
{"logTime": "0524/082114", "correlationVector":"ZFUc0jh5XfrzLg8EuhtbBH.2","action":"Commit Response", "result":"Success", "context":Result: Success. cV=ZFUc0jh5XfrzLg8EuhtbBH.0;server=akswtt008000030;cloudType=Consumer;environment=Prod_southeastasia_prod-s01-064-apac-southeastasia;migrationStage=NotStarted}
{"logTime": "0524/082710", "correlationVector":"ocspr2E1a4jXRGozLfmKkS","action":"Commit Request", "result":"", "context":Item count: 1
Contributing types: Sessions}
{"logTime": "0524/082710", "correlationVector":"ocspr2E1a4jXRGozLfmKkS.1","action":"SyncServerConnectionManagerRequest", "result":"SYNC_SERVER_OK", "context":{"environment":"Prod_southeastasia_prod-s01-064-apac-southeastasia", "migrationStage":"NotStarted", "server":"akswtt00800001k"}}
{"logTime": "0524/082710", "correlationVector":"ocspr2E1a4jXRGozLfmKkS.2","action":"Commit Response", "result":"Success", "context":Result: Success. cV=ocspr2E1a4jXRGozLfmKkS.0;server=akswtt00800001k;cloudType=Consumer;environment=Prod_southeastasia_prod-s01-064-apac-southeastasia;migrationStage=NotStarted}
{"logTime": "0524/082913", "correlationVector":"2FAeEgMK2VVZT6j+2PJLtH","action":"Commit Request", "result":"", "context":Item count: 1
Contributing types: Sessions}
{"logTime": "0524/082913", "correlationVector":"2FAeEgMK2VVZT6j+2PJLtH.1","action":"SyncServerConnectionManagerRequest", "result":"SYNC_SERVER_OK", "context":{"environment":"Prod_southeastasia_prod-s01-064-apac-southeastasia", "migrationStage":"NotStarted", "server":"akswtt00800003f"}}
{"logTime": "0524/082913", "correlationVector":"2FAeEgMK2VVZT6j+2PJLtH.2","action":"Commit Response", "result":"Success", "context":Result: Success. cV=2FAeEgMK2VVZT6j+2PJLtH.0;server=akswtt00800003f;cloudType=Consumer;environment=Prod_southeastasia_prod-s01-064-apac-southeastasia;migrationStage=NotStarted}
{"logTime": "0524/083932", "correlationVector":"Q8pr+jkSY55PtZgqivf5A2","action":"Commit Request", "result":"", "context":Item count: 3
Contributing types: Sessions, History}
{"logTime": "0524/083933", "correlationVector":"Q8pr+jkSY55PtZgqivf5A2.1","action":"SyncServerConnectionManagerRequest", "result":"SYNC_SERVER_OK", "context":{"environment":"Prod_southeastasia_prod-s01-064-apac-southeastasia", "migrationStage":"NotStarted", "server":"akswtt008000006"}}
{"logTime": "0524/083933", "correlationVector":"Q8pr+jkSY55PtZgqivf5A2.2","action":"Commit Response", "result":"Success", "context":Result: Success. cV=Q8pr+jkSY55PtZgqivf5A2.0;server=akswtt008000006;cloudType=Consumer;environment=Prod_southeastasia_prod-s01-064-apac-southeastasia;migrationStage=NotStarted}
{"logTime": "0524/084158", "correlationVector":"KR2/jFePg6fGpPrQJXUngz","action":"Commit Request", "result":"", "context":Item count: 4
Contributing types: Sessions, History}
{"logTime": "0524/084159", "correlationVector":"KR2/jFePg6fGpPrQJXUngz.1","action":"SyncServerConnectionManagerRequest", "result":"SYNC_SERVER_OK", "context":{"environment":"Prod_southeastasia_prod-s01-065-apac-southeastasia", "migrationStage":"NotStarted", "server":"akswtt008000032"}}
{"logTime": "0524/084159", "correlationVector":"KR2/jFePg6fGpPrQJXUngz.2","action":"Commit Response", "result":"Success", "context":Result: Success. cV=KR2/jFePg6fGpPrQJXUngz.0;server=akswtt008000032;cloudType=Consumer;environment=Prod_southeastasia_prod-s01-065-apac-southeastasia;migrationStage=NotStarted}
{"logTime": "0524/084855", "correlationVector":"qIMxMDgpoPRvFg8UAckDlv","action":"Commit Request", "result":"", "context":Item count: 1
Contributing types: Sessions}
{"logTime": "0524/084856", "correlationVector":"qIMxMDgpoPRvFg8UAckDlv.1","action":"SyncServerConnectionManagerRequest", "result":"SYNC_SERVER_OK", "context":{"environment":"Prod_southeastasia_prod-s01-065-apac-southeastasia", "migrationStage":"NotStarted", "server":"akswtt008000007"}}
{"logTime": "0524/084856", "correlationVector":"qIMxMDgpoPRvFg8UAckDlv.2","action":"Commit Response", "result":"Success", "context":Result: Success. cV=qIMxMDgpoPRvFg8UAckDlv.0;server=akswtt008000007;cloudType=Consumer;environment=Prod_southeastasia_prod-s01-065-apac-southeastasia;migrationStage=NotStarted}
{"logTime": "0524/085351", "correlationVector":"IxLW5LWqVhKYTrKS5566wX","action":"Commit Request", "result":"", "context":Item count: 3
Contributing types: Sessions, History}
{"logTime": "0524/085352", "correlationVector":"IxLW5LWqVhKYTrKS5566wX.1","action":"SyncServerConnectionManagerRequest", "result":"SYNC_SERVER_OK", "context":{"environment":"Prod_southeastasia_prod-s01-064-apac-southeastasia", "migrationStage":"NotStarted", "server":"akswtt00800002c"}}
{"logTime": "0524/085352", "correlationVector":"IxLW5LWqVhKYTrKS5566wX.2","action":"Commit Response", "result":"Success", "context":Result: Success. cV=IxLW5LWqVhKYTrKS5566wX.0;server=akswtt00800002c;cloudType=Consumer;environment=Prod_southeastasia_prod-s01-064-apac-southeastasia;migrationStage=NotStarted}
{"logTime": "0524/090238", "correlationVector":"Ck9jjhkudV8NUDFDlXGJf4.1","action":"SyncServerConnectionManagerRequest", "result":"SYNC_SERVER_OK", "context":{"environment":"Prod_southeastasia_prod-s01-065-apac-southeastasia", "migrationStage":"NotStarted", "server":"akswtt00800000n"}}
{"logTime": "0524/090238", "correlationVector":"Ck9jjhkudV8NUDFDlXGJf4.2","action":"ProcessGetUpdates", "result":"Done", "context":{"dataType":"Encryption Keys", "deleted":"0", "process_failed_to_decrypt":"0", "process_pending_decryption":"0", "process_success":"1", "total":"1"}}
{"logTime": "0524/090238", "correlationVector":"Ck9jjhkudV8NUDFDlXGJf4","action":"Initial GetUpdates", "result":"", "context":Reason: NEW_CLIENT. cV=Ck9jjhkudV8NUDFDlXGJf4}
{"logTime": "0524/090238", "correlationVector":"Ck9jjhkudV8NUDFDlXGJf4.3","action":"GetUpdates Response", "result":"Success", "context":Received 1 update(s). cV=Ck9jjhkudV8NUDFDlXGJf4.0;server=akswtt00800000n;cloudType=Consumer;environment=Prod_southeastasia_prod-s01-065-apac-southeastasia;migrationStage=NotStarted}
{"logTime": "0524/090239", "correlationVector":"nrFo9EKwZmywgYhq4sneRL","action":"Normal GetUpdate request", "result":"", "context":cV=nrFo9EKwZmywgYhq4sneRL
Nudged types: Sessions, Device Info, History
Refresh requested types: Bookmarks, Preferences, Extensions, Sessions, Extension settings, History Delete Directives, Device Info, User Consents, Send Tab To Self, Web Apps, History, Saved Tab Group, Collection, Edge E Drop, Edge Hub App Usage, Edge Tab Group, Edge Wallet, Encryption Keys}
{"logTime": "0524/090239", "correlationVector":"nrFo9EKwZmywgYhq4sneRL.1","action":"SyncServerConnectionManagerRequest", "result":"SYNC_SERVER_OK", "context":{"environment":"Prod_southeastasia_prod-s01-065-apac-southeastasia", "migrationStage":"NotStarted", "server":"akswtt008000014"}}
{"logTime": "0524/090239", "correlationVector":"nrFo9EKwZmywgYhq4sneRL.2","action":"ProcessGetUpdates", "result":"Done", "context":{"dataType":"Bookmarks", "deleted":"0", "process_failed_to_decrypt":"0", "process_pending_decryption":"0", "process_success":"1", "total":"1"}}
{"logTime": "0524/090239", "correlationVector":"nrFo9EKwZmywgYhq4sneRL.3","action":"ProcessGetUpdates", "result":"Done", "context":{"dataType":"Preferences", "deleted":"0", "process_failed_to_decrypt":"0", "process_pending_decryption":"0", "process_success":"2", "total":"2"}}
{"logTime": "0524/090239", "correlationVector":"nrFo9EKwZmywgYhq4sneRL.4","action":"ProcessGetUpdates", "result":"Done", "context":{"dataType":"Sessions", "deleted":"4", "process_failed_to_decrypt":"0", "process_pending_decryption":"0", "process_success":"8", "total":"8"}}
{"logTime": "0524/090239", "correlationVector":"nrFo9EKwZmywgYhq4sneRL.5","action":"ProcessGetUpdates", "result":"Done", "context":{"dataType":"Extension settings", "deleted":"0", "process_failed_to_decrypt":"0", "process_pending_decryption":"0", "process_success":"2", "total":"2"}}
{"logTime": "0524/090239", "correlationVector":"nrFo9EKwZmywgYhq4sneRL.6","action":"ProcessGetUpdates", "result":"Done", "context":{"dataType":"Device Info", "deleted":"0", "process_failed_to_decrypt":"0", "process_pending_decryption":"0", "process_success":"1", "total":"1"}}
{"logTime": "0524/090239", "correlationVector":"nrFo9EKwZmywgYhq4sneRL.7","action":"ProcessGetUpdates", "result":"Done", "context":{"dataType":"History", "deleted":"0", "process_failed_to_decrypt":"0", "process_pending_decryption":"0", "process_success":"39", "total":"39"}}
{"logTime": "0524/090239", "correlationVector":"nrFo9EKwZmywgYhq4sneRL.8","action":"GetUpdates Response", "result":"Success", "context":Received 53 update(s). cV=nrFo9EKwZmywgYhq4sneRL.0;server=akswtt008000014;cloudType=Consumer;environment=Prod_southeastasia_prod-s01-065-apac-southeastasia;migrationStage=NotStarted}
{"logTime": "0524/090239", "correlationVector":"dw6aFx4+rNh/LQE8eLKwdR","action":"Commit Request", "result":"", "context":Item count: 6
Contributing types: Sessions, Device Info, History}
{"logTime": "0524/090240", "correlationVector":"dw6aFx4+rNh/LQE8eLKwdR.1","action":"SyncServerConnectionManagerRequest", "result":"SYNC_SERVER_OK", "context":{"environment":"Prod_southeastasia_prod-s01-065-apac-southeastasia", "migrationStage":"NotStarted", "server":"akswtt008000028"}}
{"logTime": "0524/090240", "correlationVector":"dw6aFx4+rNh/LQE8eLKwdR.2","action":"Commit Response", "result":"Success", "context":Result: Success. cV=dw6aFx4+rNh/LQE8eLKwdR.0;server=akswtt008000028;cloudType=Consumer;environment=Prod_southeastasia_prod-s01-065-apac-southeastasia;migrationStage=NotStarted}
{"logTime": "0524/090240", "correlationVector":"dw6aFx4+rNh/LQE8eLKwdR.3","action":"Commit.Sessions", "result":"Success", "context":{"id":"0ebc5c3d-4d0d-47eb-bebc-02f1124517cd", "isDeleted":"true", "size":"0", "version":"1748076833110"}}
{"logTime": "0524/090240", "correlationVector":"gW9ibj5bcsGpAIrL/ooTGT","action":"Commit Request", "result":"", "context":Item count: 3
Contributing types: Preferences, Device Info}
{"logTime": "0524/090241", "correlationVector":"gW9ibj5bcsGpAIrL/ooTGT.1","action":"SyncServerConnectionManagerRequest", "result":"SYNC_SERVER_OK", "context":{"environment":"Prod_southeastasia_prod-s01-065-apac-southeastasia", "migrationStage":"NotStarted", "server":"akswtt00800002f"}}
{"logTime": "0524/090241", "correlationVector":"gW9ibj5bcsGpAIrL/ooTGT.2","action":"Commit Response", "result":"Success", "context":Result: Success. cV=gW9ibj5bcsGpAIrL/ooTGT.0;server=akswtt00800002f;cloudType=Consumer;environment=Prod_southeastasia_prod-s01-065-apac-southeastasia;migrationStage=NotStarted}
{"logTime": "0524/090241", "correlationVector":"NQGDtq8cZ4GWz8Nfcs1+C+","action":"Commit Request", "result":"", "context":Item count: 1
Contributing types: Device Info}
{"logTime": "0524/090241", "correlationVector":"NQGDtq8cZ4GWz8Nfcs1+C+.1","action":"SyncServerConnectionManagerRequest", "result":"SYNC_SERVER_OK", "context":{"environment":"Prod_southeastasia_prod-s01-065-apac-southeastasia", "migrationStage":"NotStarted", "server":"akswtt00800002n"}}
{"logTime": "0524/090241", "correlationVector":"NQGDtq8cZ4GWz8Nfcs1+C+.2","action":"Commit Response", "result":"Success", "context":Result: Success. cV=NQGDtq8cZ4GWz8Nfcs1+C+.0;server=akswtt00800002n;cloudType=Consumer;environment=Prod_southeastasia_prod-s01-065-apac-southeastasia;migrationStage=NotStarted}
{"logTime": "0524/090241", "correlationVector":"MUYh/K9OfYHR7DG+leTodK","action":"Commit Request", "result":"", "context":Item count: 2
Contributing types: Preferences, Device Info}
{"logTime": "0524/090242", "correlationVector":"MUYh/K9OfYHR7DG+leTodK.1","action":"SyncServerConnectionManagerRequest", "result":"SYNC_SERVER_OK", "context":{"environment":"Prod_southeastasia_prod-s01-065-apac-southeastasia", "migrationStage":"NotStarted", "server":"akswtt008000028"}}
{"logTime": "0524/090242", "correlationVector":"MUYh/K9OfYHR7DG+leTodK.2","action":"Commit Response", "result":"Success", "context":Result: Success. cV=MUYh/K9OfYHR7DG+leTodK.0;server=akswtt008000028;cloudType=Consumer;environment=Prod_southeastasia_prod-s01-065-apac-southeastasia;migrationStage=NotStarted}
{"logTime": "0524/090250", "correlationVector":"RWBMwBTwSYWRF0mJmkBoSB","action":"Normal GetUpdate request", "result":"", "context":cV=RWBMwBTwSYWRF0mJmkBoSB
Refresh requested types: Encryption Keys}
{"logTime": "0524/090250", "correlationVector":"RWBMwBTwSYWRF0mJmkBoSB.1","action":"SyncServerConnectionManagerRequest", "result":"SYNC_SERVER_OK", "context":{"environment":"Prod_southeastasia_prod-s01-065-apac-southeastasia", "migrationStage":"NotStarted", "server":"akswtt008000010"}}
{"logTime": "0524/090250", "correlationVector":"RWBMwBTwSYWRF0mJmkBoSB.2","action":"ProcessGetUpdates", "result":"Done", "context":{"dataType":"Preferences", "deleted":"0", "process_failed_to_decrypt":"0", "process_pending_decryption":"0", "process_success":"2", "total":"2"}}
{"logTime": "0524/090250", "correlationVector":"RWBMwBTwSYWRF0mJmkBoSB.3","action":"ProcessGetUpdates", "result":"Done", "context":{"dataType":"Sessions", "deleted":"1", "process_failed_to_decrypt":"0", "process_pending_decryption":"0", "process_success":"3", "total":"3"}}
{"logTime": "0524/090250", "correlationVector":"RWBMwBTwSYWRF0mJmkBoSB.4","action":"ProcessGetUpdates", "result":"Done", "context":{"dataType":"Device Info", "deleted":"0", "process_failed_to_decrypt":"0", "process_pending_decryption":"0", "process_success":"1", "total":"1"}}
{"logTime": "0524/090250", "correlationVector":"RWBMwBTwSYWRF0mJmkBoSB.5","action":"ProcessGetUpdates", "result":"Done", "context":{"dataType":"History", "deleted":"0", "process_failed_to_decrypt":"0", "process_pending_decryption":"0", "process_success":"2", "total":"2"}}
{"logTime": "0524/090250", "correlationVector":"RWBMwBTwSYWRF0mJmkBoSB.6","action":"GetUpdates Response", "result":"Success", "context":Received 8 update(s). cV=RWBMwBTwSYWRF0mJmkBoSB.0;server=akswtt008000010;cloudType=Consumer;environment=Prod_southeastasia_prod-s01-065-apac-southeastasia;migrationStage=NotStarted}
{"logTime": "0524/090251", "correlationVector":"ZM2AQFWDQfKcQDgu4/f89u","action":"SyncServerConnectionManagerRequest", "result":"SYNC_SERVER_OK", "context":{"environment":"", "migrationStage":"", "server":""}}
{"logTime": "0524/090251", "correlationVector":"ZM2AQFWDQfKcQDgu4/f89u.0","action":"EncryptionKeysFetcher.DownloadKeys:", "result":"Success", "context":Key count: 7, Last key timestamp: 2025-02-07T08:10:59Z}
{"logTime": "0524/090251", "correlationVector":"ZM2AQFWDQfKcQDgu4/f89u.1","action":"EncryptionKeysManager::SetEncryptionKeys:", "result":"Success", "context":Key names[7]:[wwJNYRQYvYJGh4DvEZkbgAMkpG2vBAIaEwMQsHLLcL3a3QLaGcRxovxlfwsiKwK6sQkyt5KcDjCZFJZQZFF6og==][SM5MvyMS5sOV8BHJuzDtKTHHkhKpa34X/zCTf7E8hJVm7p4kdP8bUrv6ir4XleoBytJl9Ci/QlmVPVYdeO0olg==][FFL7ZyTBPRgJjm9MNBRl5ettFMwH4cjzCPS8H9iwk4nVVTnh1oDtwQQGONfKVApxkbxnBWXlluqmdSw4iPA9vQ==][6L3eTsrK1Y6SbG7EJs9rhi7NFa5LrgLcuYkgUvIs0ThOeygtvxkiigsutEnsF/EX3rwnWb9qvBAOsFBOMJU83g==][B+U5lhbgeVd/WyZt0ljdIUl7XcdMVngy0LMiOGPrI3kvskI+bwbPK+H7RIZ37cg/NCz6/5Lgj/q5zxm9iYWGfQ==][ewafRZG6/6gEq1PhyvKUFFwUdjOoQs/bJefPcVswQKiNTTZ/sDOw8nUzV7krbRfgemKAwEQKPnPD4tE3sx/+2w==][vN2VfhqiN/SswS9tiSDUKIxgW/15NGvLTReZcbgvB5pvsKdV/rVMsVXI+VDMwKWk9QqM8Fqntrx/B9SURpCsrg==]}
{"logTime": "0524/090251", "correlationVector":"ZM2AQFWDQfKcQDgu4/f89u.2","action":"EncryptionKeysManager::SetEncryptionKeysWithTimestamps:", "result":"Success", "context":Key timestamps[7]:[2022-07-11T11:44:19Z][2023-01-12T06:40:11Z][2023-02-15T13:38:11Z][2023-08-15T04:57:13Z][2024-02-11T06:40:16Z][2024-08-09T11:56:02Z][2025-02-07T08:10:59Z]}
{"logTime": "0524/090251", "correlationVector":"VM+2H/jFLiTXUfDpM8mYRe","action":"Initial GetUpdates", "result":"", "context":Reason: NEWLY_SUPPORTED_DATATYPE. cV=VM+2H/jFLiTXUfDpM8mYRe}
{"logTime": "0524/090252", "correlationVector":"VM+2H/jFLiTXUfDpM8mYRe.1","action":"SyncServerConnectionManagerRequest", "result":"SYNC_SERVER_OK", "context":{"environment":"Prod_southeastasia_prod-s01-065-apac-southeastasia", "migrationStage":"NotStarted", "server":"akswtt00800000n"}}
{"logTime": "0524/090252", "correlationVector":"VM+2H/jFLiTXUfDpM8mYRe.2","action":"ProcessGetUpdates", "result":"Done", "context":{"dataType":"Passwords", "deleted":"14", "process_failed_to_decrypt":"0", "process_pending_decryption":"0", "process_success":"154", "total":"154"}}
{"logTime": "0524/090252", "correlationVector":"VM+2H/jFLiTXUfDpM8mYRe.3","action":"GetUpdates Response", "result":"Success", "context":Received 154 update(s). cV=VM+2H/jFLiTXUfDpM8mYRe.0;server=akswtt00800000n;cloudType=Consumer;environment=Prod_southeastasia_prod-s01-065-apac-southeastasia;migrationStage=NotStarted}
{"logTime": "0524/090252", "correlationVector":"3QmGhswS73NRO/Kb/h9iYN","action":"Normal GetUpdate request", "result":"", "context":cV=3QmGhswS73NRO/Kb/h9iYN
Nudged types: Device Info
Refresh requested types: Bookmarks, Preferences, Passwords, Autofill Profiles, Autofill, Extensions, Sessions, Extension settings, History Delete Directives, Device Info, User Consents, Send Tab To Self, Web Apps, History, Saved Tab Group, Collection, Edge E Drop, Edge Hub App Usage, Edge Tab Group, Edge Wallet, Encryption Keys}
{"logTime": "0524/090252", "correlationVector":"3QmGhswS73NRO/Kb/h9iYN.1","action":"SyncServerConnectionManagerRequest", "result":"SYNC_SERVER_OK", "context":{"environment":"Prod_southeastasia_prod-s01-065-apac-southeastasia", "migrationStage":"NotStarted", "server":"akswtt00800000n"}}
{"logTime": "0524/090252", "correlationVector":"3QmGhswS73NRO/Kb/h9iYN.2","action":"GetUpdates Response", "result":"Success", "context":Received 0 update(s). cV=3QmGhswS73NRO/Kb/h9iYN.0;server=akswtt00800000n;cloudType=Consumer;environment=Prod_southeastasia_prod-s01-065-apac-southeastasia;migrationStage=NotStarted}
{"logTime": "0524/090252", "correlationVector":"XDMEZcN2inhYVYU+u1JF8l","action":"Commit Request", "result":"", "context":Item count: 1
Contributing types: Device Info}
{"logTime": "0524/090253", "correlationVector":"XDMEZcN2inhYVYU+u1JF8l.1","action":"SyncServerConnectionManagerRequest", "result":"SYNC_SERVER_OK", "context":{"environment":"Prod_southeastasia_prod-s01-065-apac-southeastasia", "migrationStage":"NotStarted", "server":"akswtt00800000n"}}
{"logTime": "0524/090253", "correlationVector":"XDMEZcN2inhYVYU+u1JF8l.2","action":"Commit Response", "result":"Success", "context":Result: Success. cV=XDMEZcN2inhYVYU+u1JF8l.0;server=akswtt00800000n;cloudType=Consumer;environment=Prod_southeastasia_prod-s01-065-apac-southeastasia;migrationStage=NotStarted}
{"logTime": "0524/090258", "correlationVector":"cQkvBSnevudUrkucJKDsMZ","action":"Commit Request", "result":"", "context":Item count: 40
Contributing types: Passwords}
{"logTime": "0524/090300", "correlationVector":"cQkvBSnevudUrkucJKDsMZ.1","action":"SyncServerConnectionManagerRequest", "result":"SYNC_SERVER_OK", "context":{"environment":"Prod_southeastasia_prod-s01-065-apac-southeastasia", "migrationStage":"NotStarted", "server":"akswtt00800001m"}}
{"logTime": "0524/090300", "correlationVector":"cQkvBSnevudUrkucJKDsMZ.2","action":"Commit Response", "result":"Success", "context":Result: Success. cV=cQkvBSnevudUrkucJKDsMZ.0;server=akswtt00800001m;cloudType=Consumer;environment=Prod_southeastasia_prod-s01-065-apac-southeastasia;migrationStage=NotStarted}
{"logTime": "0524/090300", "correlationVector":"YcD8MJGdp8D6GgJ88Z7zO8","action":"Commit Request", "result":"", "context":Item count: 40
Contributing types: Passwords}
{"logTime": "0524/090301", "correlationVector":"YcD8MJGdp8D6GgJ88Z7zO8.1","action":"SyncServerConnectionManagerRequest", "result":"SYNC_SERVER_OK", "context":{"environment":"Prod_southeastasia_prod-s01-065-apac-southeastasia", "migrationStage":"NotStarted", "server":"akswtt00800001s"}}
{"logTime": "0524/090301", "correlationVector":"YcD8MJGdp8D6GgJ88Z7zO8.2","action":"Commit Response", "result":"Success", "context":Result: Success. cV=YcD8MJGdp8D6GgJ88Z7zO8.0;server=akswtt00800001s;cloudType=Consumer;environment=Prod_southeastasia_prod-s01-065-apac-southeastasia;migrationStage=NotStarted}
{"logTime": "0524/090301", "correlationVector":"GM5Q5nkf7ZoOghj2f1xNwW","action":"Commit Request", "result":"", "context":Item count: 40
Contributing types: Passwords}
{"logTime": "0524/090303", "correlationVector":"GM5Q5nkf7ZoOghj2f1xNwW.1","action":"SyncServerConnectionManagerRequest", "result":"SYNC_SERVER_OK", "context":{"environment":"Prod_southeastasia_prod-s01-065-apac-southeastasia", "migrationStage":"NotStarted", "server":"akswtt008000028"}}
{"logTime": "0524/090303", "correlationVector":"GM5Q5nkf7ZoOghj2f1xNwW.2","action":"Commit Response", "result":"Success", "context":Result: Success. cV=GM5Q5nkf7ZoOghj2f1xNwW.0;server=akswtt008000028;cloudType=Consumer;environment=Prod_southeastasia_prod-s01-065-apac-southeastasia;migrationStage=NotStarted}
{"logTime": "0524/090303", "correlationVector":"lzGeRSR/ef94TCtsyXAr7p","action":"Commit Request", "result":"", "context":Item count: 10
Contributing types: Preferences, Passwords}
{"logTime": "0524/090304", "correlationVector":"lzGeRSR/ef94TCtsyXAr7p.1","action":"SyncServerConnectionManagerRequest", "result":"SYNC_SERVER_OK", "context":{"environment":"Prod_southeastasia_prod-s01-065-apac-southeastasia", "migrationStage":"NotStarted", "server":"akswtt008000039"}}
{"logTime": "0524/090304", "correlationVector":"lzGeRSR/ef94TCtsyXAr7p.2","action":"Commit Response", "result":"Success", "context":Result: Success. cV=lzGeRSR/ef94TCtsyXAr7p.0;server=akswtt008000039;cloudType=Consumer;environment=Prod_southeastasia_prod-s01-065-apac-southeastasia;migrationStage=NotStarted}
